<?xml version="1.0" encoding="UTF-8"?>
<testng-results ignored="0" total="2" passed="2" failed="0" skipped="0">
  <reporter-output>
  </reporter-output>
  <suite started-at="2023-01-16T11:56:05 IST" name="Suite" finished-at="2023-01-16T11:56:14 IST" duration-ms="8305">
    <groups>
      <group name="regression">
        <method signature="LoginPageTest.clickOnSubmit()[pri:2, instance:com.TestLayer.LoginPageTest@f0da945]" name="clickOnSubmit" class="com.TestLayer.LoginPageTest"/>
        <method signature="LoginPageTest.validateLoginFunctionality()[pri:1, instance:com.TestLayer.LoginPageTest@f0da945]" name="validateLoginFunctionality" class="com.TestLayer.LoginPageTest"/>
      </group> <!-- regression -->
      <group name="loginpage">
        <method signature="LoginPageTest.clickOnSubmit()[pri:2, instance:com.TestLayer.LoginPageTest@f0da945]" name="clickOnSubmit" class="com.TestLayer.LoginPageTest"/>
        <method signature="LoginPageTest.validateLoginFunctionality()[pri:1, instance:com.TestLayer.LoginPageTest@f0da945]" name="validateLoginFunctionality" class="com.TestLayer.LoginPageTest"/>
      </group> <!-- loginpage -->
    </groups>
    <test started-at="2023-01-16T11:56:05 IST" name="Test" finished-at="2023-01-16T11:56:14 IST" duration-ms="8305">
      <class name="com.TestLayer.LoginPageTest">
        <test-method is-config="true" signature="setUp()[pri:0, instance:com.TestLayer.LoginPageTest@f0da945]" started-at="2023-01-16T11:56:06 IST" name="setUp" finished-at="2023-01-16T11:56:10 IST" duration-ms="4166" status="PASS">
          <reporter-output>
          </reporter-output>
        </test-method> <!-- setUp -->
        <test-method signature="validateLoginFunctionality()[pri:1, instance:com.TestLayer.LoginPageTest@f0da945]" started-at="2023-01-16T11:56:10 IST" name="validateLoginFunctionality" finished-at="2023-01-16T11:56:10 IST" duration-ms="266" status="PASS">
          <reporter-output>
          </reporter-output>
        </test-method> <!-- validateLoginFunctionality -->
        <test-method signature="clickOnSubmit()[pri:2, instance:com.TestLayer.LoginPageTest@f0da945]" started-at="2023-01-16T11:56:10 IST" name="clickOnSubmit" finished-at="2023-01-16T11:56:10 IST" duration-ms="109" status="PASS">
          <reporter-output>
          </reporter-output>
        </test-method> <!-- clickOnSubmit -->
        <test-method is-config="true" signature="tearDown()[pri:0, instance:com.TestLayer.LoginPageTest@f0da945]" started-at="2023-01-16T11:56:11 IST" name="tearDown" finished-at="2023-01-16T11:56:14 IST" duration-ms="3200" status="PASS">
          <reporter-output>
          </reporter-output>
        </test-method> <!-- tearDown -->
      </class> <!-- com.TestLayer.LoginPageTest -->
    </test> <!-- Test -->
  </suite> <!-- Suite -->
</testng-results>
